Analysis & Synthesis report for SomadorFlutuante
Thu Aug 15 18:26:34 2019
Quartus II 64-Bit Version 13.0.1 Build 232 06/12/2013 Service Pack 1 SJ Web Edition


---------------------
; Table of Contents ;
---------------------
  1. Legal Notice
  2. Analysis & Synthesis Summary
  3. Analysis & Synthesis Settings
  4. Parallel Compilation
  5. Analysis & Synthesis Source Files Read
  6. Analysis & Synthesis Resource Usage Summary
  7. Analysis & Synthesis Resource Utilization by Entity
  8. User-Specified and Inferred Latches
  9. General Register Statistics
 10. Multiplexer Restructuring Statistics (Restructuring Performed)
 11. Parameter Settings for Inferred Entity Instance: fp_adder:fp_add_unit|lpm_add_sub:Add2
 12. Port Connectivity Checks: "hex_to_sseg:sseg_unit_2"
 13. Port Connectivity Checks: "hex_to_sseg:sseg_unit_1"
 14. Port Connectivity Checks: "hex_to_sseg:sseg_unit_0"
 15. Elapsed Time Per Partition
 16. Analysis & Synthesis Messages



----------------
; Legal Notice ;
----------------
Copyright (C) 1991-2013 Altera Corporation
Your use of Altera Corporation's design tools, logic functions 
and other software and tools, and its AMPP partner logic 
functions, and any output files from any of the foregoing 
(including device programming or simulation files), and any 
associated documentation or information are expressly subject 
to the terms and conditions of the Altera Program License 
Subscription Agreement, Altera MegaCore Function License 
Agreement, or other applicable license agreement, including, 
without limitation, that your use is for the sole purpose of 
programming logic devices manufactured by Altera and sold by 
Altera or its authorized distributors.  Please refer to the 
applicable agreement for further details.



+--------------------------------------------------------------------------------------+
; Analysis & Synthesis Summary                                                         ;
+------------------------------------+-------------------------------------------------+
; Analysis & Synthesis Status        ; Successful - Thu Aug 15 18:26:34 2019           ;
; Quartus II 64-Bit Version          ; 13.0.1 Build 232 06/12/2013 SP 1 SJ Web Edition ;
; Revision Name                      ; SomadorFlutuante                                ;
; Top-level Entity Name              ; SomadorFlutuante                                ;
; Family                             ; Cyclone II                                      ;
; Total logic elements               ; 264                                             ;
;     Total combinational functions  ; 264                                             ;
;     Dedicated logic registers      ; 3                                               ;
; Total registers                    ; 3                                               ;
; Total pins                         ; 58                                              ;
; Total virtual pins                 ; 0                                               ;
; Total memory bits                  ; 0                                               ;
; Embedded Multiplier 9-bit elements ; 0                                               ;
; Total PLLs                         ; 0                                               ;
+------------------------------------+-------------------------------------------------+


+----------------------------------------------------------------------------------------------------------------------+
; Analysis & Synthesis Settings                                                                                        ;
+----------------------------------------------------------------------------+--------------------+--------------------+
; Option                                                                     ; Setting            ; Default Value      ;
+----------------------------------------------------------------------------+--------------------+--------------------+
; Device                                                                     ; EP2C20F484C7       ;                    ;
; Top-level entity name                                                      ; SomadorFlutuante   ; SomadorFlutuante   ;
; Family name                                                                ; Cyclone II         ; Cyclone IV GX      ;
; Use smart compilation                                                      ; Off                ; Off                ;
; Enable parallel Assembler and TimeQuest Timing Analyzer during compilation ; On                 ; On                 ;
; Enable compact report table                                                ; Off                ; Off                ;
; Restructure Multiplexers                                                   ; Auto               ; Auto               ;
; Create Debugging Nodes for IP Cores                                        ; Off                ; Off                ;
; Preserve fewer node names                                                  ; On                 ; On                 ;
; Disable OpenCore Plus hardware evaluation                                  ; Off                ; Off                ;
; Verilog Version                                                            ; Verilog_2001       ; Verilog_2001       ;
; VHDL Version                                                               ; VHDL_1993          ; VHDL_1993          ;
; State Machine Processing                                                   ; Auto               ; Auto               ;
; Safe State Machine                                                         ; Off                ; Off                ;
; Extract Verilog State Machines                                             ; On                 ; On                 ;
; Extract VHDL State Machines                                                ; On                 ; On                 ;
; Ignore Verilog initial constructs                                          ; Off                ; Off                ;
; Iteration limit for constant Verilog loops                                 ; 5000               ; 5000               ;
; Iteration limit for non-constant Verilog loops                             ; 250                ; 250                ;
; Add Pass-Through Logic to Inferred RAMs                                    ; On                 ; On                 ;
; Infer RAMs from Raw Logic                                                  ; On                 ; On                 ;
; Parallel Synthesis                                                         ; On                 ; On                 ;
; DSP Block Balancing                                                        ; Auto               ; Auto               ;
; NOT Gate Push-Back                                                         ; On                 ; On                 ;
; Power-Up Don't Care                                                        ; On                 ; On                 ;
; Remove Redundant Logic Cells                                               ; Off                ; Off                ;
; Remove Duplicate Registers                                                 ; On                 ; On                 ;
; Ignore CARRY Buffers                                                       ; Off                ; Off                ;
; Ignore CASCADE Buffers                                                     ; Off                ; Off                ;
; Ignore GLOBAL Buffers                                                      ; Off                ; Off                ;
; Ignore ROW GLOBAL Buffers                                                  ; Off                ; Off                ;
; Ignore LCELL Buffers                                                       ; Off                ; Off                ;
; Ignore SOFT Buffers                                                        ; On                 ; On                 ;
; Limit AHDL Integers to 32 Bits                                             ; Off                ; Off                ;
; Optimization Technique                                                     ; Balanced           ; Balanced           ;
; Carry Chain Length                                                         ; 70                 ; 70                 ;
; Auto Carry Chains                                                          ; On                 ; On                 ;
; Auto Open-Drain Pins                                                       ; On                 ; On                 ;
; Perform WYSIWYG Primitive Resynthesis                                      ; Off                ; Off                ;
; Auto ROM Replacement                                                       ; On                 ; On                 ;
; Auto RAM Replacement                                                       ; On                 ; On                 ;
; Auto Shift Register Replacement                                            ; Auto               ; Auto               ;
; Allow Shift Register Merging across Hierarchies                            ; Auto               ; Auto               ;
; Auto Clock Enable Replacement                                              ; On                 ; On                 ;
; Strict RAM Replacement                                                     ; Off                ; Off                ;
; Allow Synchronous Control Signals                                          ; On                 ; On                 ;
; Force Use of Synchronous Clear Signals                                     ; Off                ; Off                ;
; Auto RAM to Logic Cell Conversion                                          ; Off                ; Off                ;
; Auto Resource Sharing                                                      ; Off                ; Off                ;
; Allow Any RAM Size For Recognition                                         ; Off                ; Off                ;
; Allow Any ROM Size For Recognition                                         ; Off                ; Off                ;
; Allow Any Shift Register Size For Recognition                              ; Off                ; Off                ;
; Use LogicLock Constraints during Resource Balancing                        ; On                 ; On                 ;
; Ignore translate_off and synthesis_off directives                          ; Off                ; Off                ;
; Timing-Driven Synthesis                                                    ; Off                ; Off                ;
; Report Parameter Settings                                                  ; On                 ; On                 ;
; Report Source Assignments                                                  ; On                 ; On                 ;
; Report Connectivity Checks                                                 ; On                 ; On                 ;
; Ignore Maximum Fan-Out Assignments                                         ; Off                ; Off                ;
; Synchronization Register Chain Length                                      ; 2                  ; 2                  ;
; PowerPlay Power Optimization                                               ; Normal compilation ; Normal compilation ;
; HDL message level                                                          ; Level2             ; Level2             ;
; Suppress Register Optimization Related Messages                            ; Off                ; Off                ;
; Number of Removed Registers Reported in Synthesis Report                   ; 5000               ; 5000               ;
; Number of Swept Nodes Reported in Synthesis Report                         ; 5000               ; 5000               ;
; Number of Inverted Registers Reported in Synthesis Report                  ; 100                ; 100                ;
; Clock MUX Protection                                                       ; On                 ; On                 ;
; Auto Gated Clock Conversion                                                ; Off                ; Off                ;
; Block Design Naming                                                        ; Auto               ; Auto               ;
; SDC constraint protection                                                  ; Off                ; Off                ;
; Synthesis Effort                                                           ; Auto               ; Auto               ;
; Shift Register Replacement - Allow Asynchronous Clear Signal               ; On                 ; On                 ;
; Pre-Mapping Resynthesis Optimization                                       ; Off                ; Off                ;
; Analysis & Synthesis Message Level                                         ; Medium             ; Medium             ;
; Disable Register Merging Across Hierarchies                                ; Auto               ; Auto               ;
; Resource Aware Inference For Block RAM                                     ; On                 ; On                 ;
; Synthesis Seed                                                             ; 1                  ; 1                  ;
+----------------------------------------------------------------------------+--------------------+--------------------+


Parallel compilation was disabled, but you have multiple processors available. Enable parallel compilation to reduce compilation time.
+-------------------------------------+
; Parallel Compilation                ;
+----------------------------+--------+
; Processors                 ; Number ;
+----------------------------+--------+
; Number detected on machine ; 4      ;
; Maximum allowed            ; 1      ;
+----------------------------+--------+


+-------------------------------------------------------------------------------------------------------------------------------------------------------------------------+
; Analysis & Synthesis Source Files Read                                                                                                                                  ;
+----------------------------------+-----------------+------------------------------+---------------------------------------------------------------------------+---------+
; File Name with User-Entered Path ; Used in Netlist ; File Type                    ; File Name with Absolute Path                                              ; Library ;
+----------------------------------+-----------------+------------------------------+---------------------------------------------------------------------------+---------+
; fp_adder.vhd                     ; yes             ; User VHDL File               ; C:/Users/vinicius.xavier/Documents/Projeto Final/fp_adder.vhd             ;         ;
; SomadorFlutuante.vhd             ; yes             ; User VHDL File               ; C:/Users/vinicius.xavier/Documents/Projeto Final/SomadorFlutuante.vhd     ;         ;
; hex_to_sseg.vhd                  ; yes             ; User VHDL File               ; C:/Users/vinicius.xavier/Documents/Projeto Final/hex_to_sseg.vhd          ;         ;
; lpm_add_sub.tdf                  ; yes             ; Megafunction                 ; c:/altera/13.0sp1/quartus/libraries/megafunctions/lpm_add_sub.tdf         ;         ;
; addcore.inc                      ; yes             ; Megafunction                 ; c:/altera/13.0sp1/quartus/libraries/megafunctions/addcore.inc             ;         ;
; look_add.inc                     ; yes             ; Megafunction                 ; c:/altera/13.0sp1/quartus/libraries/megafunctions/look_add.inc            ;         ;
; bypassff.inc                     ; yes             ; Megafunction                 ; c:/altera/13.0sp1/quartus/libraries/megafunctions/bypassff.inc            ;         ;
; altshift.inc                     ; yes             ; Megafunction                 ; c:/altera/13.0sp1/quartus/libraries/megafunctions/altshift.inc            ;         ;
; alt_stratix_add_sub.inc          ; yes             ; Megafunction                 ; c:/altera/13.0sp1/quartus/libraries/megafunctions/alt_stratix_add_sub.inc ;         ;
; aglobal130.inc                   ; yes             ; Megafunction                 ; c:/altera/13.0sp1/quartus/libraries/megafunctions/aglobal130.inc          ;         ;
; db/add_sub_rpi.tdf               ; yes             ; Auto-Generated Megafunction  ; C:/Users/vinicius.xavier/Documents/Projeto Final/db/add_sub_rpi.tdf       ;         ;
+----------------------------------+-----------------+------------------------------+---------------------------------------------------------------------------+---------+


+------------------------------------------------------+
; Analysis & Synthesis Resource Usage Summary          ;
+---------------------------------------------+--------+
; Resource                                    ; Usage  ;
+---------------------------------------------+--------+
; Estimated Total logic elements              ; 264    ;
;                                             ;        ;
; Total combinational functions               ; 264    ;
; Logic element usage by number of LUT inputs ;        ;
;     -- 4 input functions                    ; 104    ;
;     -- 3 input functions                    ; 140    ;
;     -- <=2 input functions                  ; 20     ;
;                                             ;        ;
; Logic elements by mode                      ;        ;
;     -- normal mode                          ; 238    ;
;     -- arithmetic mode                      ; 26     ;
;                                             ;        ;
; Total registers                             ; 3      ;
;     -- Dedicated logic registers            ; 3      ;
;     -- I/O registers                        ; 0      ;
;                                             ;        ;
; I/O pins                                    ; 58     ;
; Embedded Multiplier 9-bit elements          ; 0      ;
; Maximum fan-out node                        ; tmp[2] ;
; Maximum fan-out                             ; 32     ;
; Total fan-out                               ; 919    ;
; Average fan-out                             ; 2.83   ;
+---------------------------------------------+--------+


+-------------------------------------------------------------------------------------------------------------------------------------------------------------------------------------------------------------------------------------------------------+
; Analysis & Synthesis Resource Utilization by Entity                                                                                                                                                                                                   ;
+---------------------------------------+-------------------+--------------+-------------+--------------+---------+-----------+------+--------------+------------------------------------------------------------------------------------+--------------+
; Compilation Hierarchy Node            ; LC Combinationals ; LC Registers ; Memory Bits ; DSP Elements ; DSP 9x9 ; DSP 18x18 ; Pins ; Virtual Pins ; Full Hierarchy Name                                                                ; Library Name ;
+---------------------------------------+-------------------+--------------+-------------+--------------+---------+-----------+------+--------------+------------------------------------------------------------------------------------+--------------+
; |SomadorFlutuante                     ; 264 (108)         ; 3 (3)        ; 0           ; 0            ; 0       ; 0         ; 58   ; 0            ; |SomadorFlutuante                                                                  ; work         ;
;    |fp_adder:fp_add_unit|             ; 135 (107)         ; 0 (0)        ; 0           ; 0            ; 0       ; 0         ; 0    ; 0            ; |SomadorFlutuante|fp_adder:fp_add_unit                                             ; work         ;
;       |lpm_add_sub:Add2|              ; 28 (0)            ; 0 (0)        ; 0           ; 0            ; 0       ; 0         ; 0    ; 0            ; |SomadorFlutuante|fp_adder:fp_add_unit|lpm_add_sub:Add2                            ; work         ;
;          |add_sub_rpi:auto_generated| ; 28 (28)           ; 0 (0)        ; 0           ; 0            ; 0       ; 0         ; 0    ; 0            ; |SomadorFlutuante|fp_adder:fp_add_unit|lpm_add_sub:Add2|add_sub_rpi:auto_generated ; work         ;
;    |hex_to_sseg:sseg_unit_0|          ; 7 (7)             ; 0 (0)        ; 0           ; 0            ; 0       ; 0         ; 0    ; 0            ; |SomadorFlutuante|hex_to_sseg:sseg_unit_0                                          ; work         ;
;    |hex_to_sseg:sseg_unit_1|          ; 7 (7)             ; 0 (0)        ; 0           ; 0            ; 0       ; 0         ; 0    ; 0            ; |SomadorFlutuante|hex_to_sseg:sseg_unit_1                                          ; work         ;
;    |hex_to_sseg:sseg_unit_2|          ; 7 (7)             ; 0 (0)        ; 0           ; 0            ; 0       ; 0         ; 0    ; 0            ; |SomadorFlutuante|hex_to_sseg:sseg_unit_2                                          ; work         ;
+---------------------------------------+-------------------+--------------+-------------+--------------+---------+-----------+------+--------------+------------------------------------------------------------------------------------+--------------+
Note: For table entries with two numbers listed, the numbers in parentheses indicate the number of resources of the given type used by the specific entity alone. The numbers listed outside of parentheses indicate the total resources of the given type used by the specific entity and all of its sub-entities in the hierarchy.


+----------------------------------------------------------------------------------------------------+
; User-Specified and Inferred Latches                                                                ;
+-----------------------------------------------------+---------------------+------------------------+
; Latch Name                                          ; Latch Enable Signal ; Free of Timing Hazards ;
+-----------------------------------------------------+---------------------+------------------------+
; LEDR[0]$latch                                       ; Mux37               ; yes                    ;
; LEDR[1]$latch                                       ; Mux37               ; yes                    ;
; LEDR[2]$latch                                       ; Mux37               ; yes                    ;
; LEDR[3]$latch                                       ; Mux37               ; yes                    ;
; LEDR[4]$latch                                       ; Mux37               ; yes                    ;
; LEDG[0]$latch                                       ; Mux37               ; yes                    ;
; LEDG[1]$latch                                       ; Mux37               ; yes                    ;
; LEDG[2]$latch                                       ; Mux37               ; yes                    ;
; LEDG[3]$latch                                       ; Mux37               ; yes                    ;
; LEDG[4]$latch                                       ; Mux37               ; yes                    ;
; LEDG[5]$latch                                       ; Mux37               ; yes                    ;
; LEDG[6]$latch                                       ; Mux37               ; yes                    ;
; LEDG[7]$latch                                       ; Mux37               ; yes                    ;
; sign_show                                           ; Mux54               ; yes                    ;
; thex2[0]                                            ; Mux54               ; yes                    ;
; thex2[1]                                            ; Mux54               ; yes                    ;
; thex2[2]                                            ; Mux54               ; yes                    ;
; thex2[3]                                            ; Mux54               ; yes                    ;
; thex1[0]                                            ; Mux54               ; yes                    ;
; thex1[1]                                            ; Mux54               ; yes                    ;
; thex1[2]                                            ; Mux54               ; yes                    ;
; thex1[3]                                            ; Mux54               ; yes                    ;
; thex0[0]                                            ; Mux48               ; yes                    ;
; thex0[1]                                            ; Mux48               ; yes                    ;
; thex0[2]                                            ; Mux48               ; yes                    ;
; thex0[3]                                            ; Mux48               ; yes                    ;
; exp2[0]                                             ; Mux54               ; yes                    ;
; exp1[0]                                             ; Mux54               ; yes                    ;
; exp2[3]                                             ; Mux54               ; yes                    ;
; exp1[3]                                             ; Mux54               ; yes                    ;
; exp2[2]                                             ; Mux54               ; yes                    ;
; exp1[2]                                             ; Mux54               ; yes                    ;
; exp2[1]                                             ; Mux54               ; yes                    ;
; exp1[1]                                             ; Mux54               ; yes                    ;
; frac2[7]                                            ; Mux54               ; yes                    ;
; frac1[7]                                            ; Mux54               ; yes                    ;
; frac2[6]                                            ; Mux54               ; yes                    ;
; frac1[6]                                            ; Mux54               ; yes                    ;
; frac2[5]                                            ; Mux54               ; yes                    ;
; frac1[5]                                            ; Mux54               ; yes                    ;
; frac2[4]                                            ; Mux54               ; yes                    ;
; frac1[4]                                            ; Mux54               ; yes                    ;
; frac2[3]                                            ; Mux54               ; yes                    ;
; frac1[3]                                            ; Mux54               ; yes                    ;
; frac2[2]                                            ; Mux54               ; yes                    ;
; frac1[2]                                            ; Mux54               ; yes                    ;
; frac2[1]                                            ; Mux54               ; yes                    ;
; frac1[1]                                            ; Mux54               ; yes                    ;
; frac2[0]                                            ; Mux54               ; yes                    ;
; frac1[0]                                            ; Mux54               ; yes                    ;
; sign2                                               ; Mux54               ; yes                    ;
; sign1                                               ; Mux54               ; yes                    ;
; Number of user-specified and inferred latches = 52  ;                     ;                        ;
+-----------------------------------------------------+---------------------+------------------------+
Note: All latches listed above may not be present at the end of synthesis due to various synthesis optimizations.


+------------------------------------------------------+
; General Register Statistics                          ;
+----------------------------------------------+-------+
; Statistic                                    ; Value ;
+----------------------------------------------+-------+
; Total registers                              ; 3     ;
; Number of registers using Synchronous Clear  ; 0     ;
; Number of registers using Synchronous Load   ; 0     ;
; Number of registers using Asynchronous Clear ; 3     ;
; Number of registers using Asynchronous Load  ; 0     ;
; Number of registers using Clock Enable       ; 0     ;
; Number of registers using Preset             ; 0     ;
+----------------------------------------------+-------+


+------------------------------------------------------------------------------------------------------------------------------------------------------------------+
; Multiplexer Restructuring Statistics (Restructuring Performed)                                                                                                   ;
+--------------------+-----------+---------------+----------------------+------------------------+------------+----------------------------------------------------+
; Multiplexer Inputs ; Bus Width ; Baseline Area ; Area if Restructured ; Saving if Restructured ; Registered ; Example Multiplexer Output                         ;
+--------------------+-----------+---------------+----------------------+------------------------+------------+----------------------------------------------------+
; 3:1                ; 3 bits    ; 6 LEs         ; 3 LEs                ; 3 LEs                  ; No         ; |SomadorFlutuante|fp_adder:fp_add_unit|Mux2        ;
; 3:1                ; 4 bits    ; 8 LEs         ; 8 LEs                ; 0 LEs                  ; No         ; |SomadorFlutuante|fp_adder:fp_add_unit|exp_out[1]  ;
; 7:1                ; 8 bits    ; 32 LEs        ; 16 LEs               ; 16 LEs                 ; No         ; |SomadorFlutuante|Mux41                            ;
; 1:1                ; 8 bits    ; 0 LEs         ; 0 LEs                ; 0 LEs                  ; No         ; |SomadorFlutuante|Mux5                             ;
; 1:1                ; 5 bits    ; 0 LEs         ; 0 LEs                ; 0 LEs                  ; No         ; |SomadorFlutuante|Mux12                            ;
; 1:1                ; 8 bits    ; 0 LEs         ; 0 LEs                ; 0 LEs                  ; No         ; |SomadorFlutuante|Mux19                            ;
; 1:1                ; 5 bits    ; 0 LEs         ; 0 LEs                ; 0 LEs                  ; No         ; |SomadorFlutuante|Mux55                            ;
; 5:1                ; 4 bits    ; 12 LEs        ; 8 LEs                ; 4 LEs                  ; No         ; |SomadorFlutuante|Mux50                            ;
; 4:1                ; 2 bits    ; 4 LEs         ; 4 LEs                ; 0 LEs                  ; No         ; |SomadorFlutuante|fp_adder:fp_add_unit|frac_out[1] ;
+--------------------+-----------+---------------+----------------------+------------------------+------------+----------------------------------------------------+


+----------------------------------------------------------------------------------------+
; Parameter Settings for Inferred Entity Instance: fp_adder:fp_add_unit|lpm_add_sub:Add2 ;
+------------------------+-------------+-------------------------------------------------+
; Parameter Name         ; Value       ; Type                                            ;
+------------------------+-------------+-------------------------------------------------+
; LPM_WIDTH              ; 9           ; Untyped                                         ;
; LPM_REPRESENTATION     ; UNSIGNED    ; Untyped                                         ;
; LPM_DIRECTION          ; DEFAULT     ; Untyped                                         ;
; ONE_INPUT_IS_CONSTANT  ; NO          ; Untyped                                         ;
; LPM_PIPELINE           ; 0           ; Untyped                                         ;
; MAXIMIZE_SPEED         ; 5           ; Untyped                                         ;
; REGISTERED_AT_END      ; 0           ; Untyped                                         ;
; OPTIMIZE_FOR_SPEED     ; 5           ; Untyped                                         ;
; USE_CS_BUFFERS         ; 1           ; Untyped                                         ;
; CARRY_CHAIN            ; MANUAL      ; Untyped                                         ;
; CARRY_CHAIN_LENGTH     ; 48          ; CARRY_CHAIN_LENGTH                              ;
; DEVICE_FAMILY          ; Cyclone II  ; Untyped                                         ;
; USE_WYS                ; OFF         ; Untyped                                         ;
; STYLE                  ; FAST        ; Untyped                                         ;
; CBXI_PARAMETER         ; add_sub_rpi ; Untyped                                         ;
; AUTO_CARRY_CHAINS      ; ON          ; AUTO_CARRY                                      ;
; IGNORE_CARRY_BUFFERS   ; OFF         ; IGNORE_CARRY                                    ;
; AUTO_CASCADE_CHAINS    ; ON          ; AUTO_CASCADE                                    ;
; IGNORE_CASCADE_BUFFERS ; OFF         ; IGNORE_CASCADE                                  ;
+------------------------+-------------+-------------------------------------------------+
Note: In order to hide this table in the UI and the text report file, please set the "Show Parameter Settings in Synthesis Report" option in "Analysis and Synthesis Settings -> More Settings" to "Off".


+-----------------------------------------------------+
; Port Connectivity Checks: "hex_to_sseg:sseg_unit_2" ;
+------+-------+----------+---------------------------+
; Port ; Type  ; Severity ; Details                   ;
+------+-------+----------+---------------------------+
; dp   ; Input ; Info     ; Stuck at GND              ;
+------+-------+----------+---------------------------+


+-----------------------------------------------------+
; Port Connectivity Checks: "hex_to_sseg:sseg_unit_1" ;
+------+-------+----------+---------------------------+
; Port ; Type  ; Severity ; Details                   ;
+------+-------+----------+---------------------------+
; dp   ; Input ; Info     ; Stuck at VCC              ;
+------+-------+----------+---------------------------+


+-----------------------------------------------------+
; Port Connectivity Checks: "hex_to_sseg:sseg_unit_0" ;
+------+-------+----------+---------------------------+
; Port ; Type  ; Severity ; Details                   ;
+------+-------+----------+---------------------------+
; dp   ; Input ; Info     ; Stuck at GND              ;
+------+-------+----------+---------------------------+


+-------------------------------+
; Elapsed Time Per Partition    ;
+----------------+--------------+
; Partition Name ; Elapsed Time ;
+----------------+--------------+
; Top            ; 00:00:01     ;
+----------------+--------------+


+-------------------------------+
; Analysis & Synthesis Messages ;
+-------------------------------+
Info: *******************************************************************
Info: Running Quartus II 64-Bit Analysis & Synthesis
    Info: Version 13.0.1 Build 232 06/12/2013 Service Pack 1 SJ Web Edition
    Info: Processing started: Thu Aug 15 18:26:31 2019
Info: Command: quartus_map --read_settings_files=on --write_settings_files=off SomadorFlutuante -c SomadorFlutuante
Warning (20028): Parallel compilation is not licensed and has been disabled
Info (12021): Found 2 design units, including 1 entities, in source file fp_adder.vhd
    Info (12022): Found design unit 1: fp_adder-arch
    Info (12023): Found entity 1: fp_adder
Info (12021): Found 2 design units, including 1 entities, in source file somadorflutuante.vhd
    Info (12022): Found design unit 1: SomadorFlutuante-arch
    Info (12023): Found entity 1: SomadorFlutuante
Info (12021): Found 2 design units, including 1 entities, in source file hex_to_sseg.vhd
    Info (12022): Found design unit 1: hex_to_sseg-arch
    Info (12023): Found entity 1: hex_to_sseg
Info (12127): Elaborating entity "SomadorFlutuante" for the top level hierarchy
Warning (10492): VHDL Process Statement warning at SomadorFlutuante.vhd(61): signal "sign1" is read inside the Process Statement but isn't in the Process Statement's sensitivity list
Warning (10492): VHDL Process Statement warning at SomadorFlutuante.vhd(66): signal "sign1" is read inside the Process Statement but isn't in the Process Statement's sensitivity list
Warning (10492): VHDL Process Statement warning at SomadorFlutuante.vhd(67): signal "exp1" is read inside the Process Statement but isn't in the Process Statement's sensitivity list
Warning (10492): VHDL Process Statement warning at SomadorFlutuante.vhd(68): signal "frac1" is read inside the Process Statement but isn't in the Process Statement's sensitivity list
Warning (10492): VHDL Process Statement warning at SomadorFlutuante.vhd(69): signal "frac1" is read inside the Process Statement but isn't in the Process Statement's sensitivity list
Warning (10492): VHDL Process Statement warning at SomadorFlutuante.vhd(78): signal "sign2" is read inside the Process Statement but isn't in the Process Statement's sensitivity list
Warning (10492): VHDL Process Statement warning at SomadorFlutuante.vhd(83): signal "sign2" is read inside the Process Statement but isn't in the Process Statement's sensitivity list
Warning (10492): VHDL Process Statement warning at SomadorFlutuante.vhd(84): signal "exp2" is read inside the Process Statement but isn't in the Process Statement's sensitivity list
Warning (10492): VHDL Process Statement warning at SomadorFlutuante.vhd(85): signal "frac2" is read inside the Process Statement but isn't in the Process Statement's sensitivity list
Warning (10492): VHDL Process Statement warning at SomadorFlutuante.vhd(86): signal "frac2" is read inside the Process Statement but isn't in the Process Statement's sensitivity list
Warning (10492): VHDL Process Statement warning at SomadorFlutuante.vhd(89): signal "sign_out" is read inside the Process Statement but isn't in the Process Statement's sensitivity list
Warning (10492): VHDL Process Statement warning at SomadorFlutuante.vhd(90): signal "exp_out" is read inside the Process Statement but isn't in the Process Statement's sensitivity list
Warning (10492): VHDL Process Statement warning at SomadorFlutuante.vhd(91): signal "frac_out" is read inside the Process Statement but isn't in the Process Statement's sensitivity list
Warning (10492): VHDL Process Statement warning at SomadorFlutuante.vhd(92): signal "sign_out" is read inside the Process Statement but isn't in the Process Statement's sensitivity list
Warning (10492): VHDL Process Statement warning at SomadorFlutuante.vhd(93): signal "exp_out" is read inside the Process Statement but isn't in the Process Statement's sensitivity list
Warning (10492): VHDL Process Statement warning at SomadorFlutuante.vhd(94): signal "frac_out" is read inside the Process Statement but isn't in the Process Statement's sensitivity list
Warning (10492): VHDL Process Statement warning at SomadorFlutuante.vhd(95): signal "frac_out" is read inside the Process Statement but isn't in the Process Statement's sensitivity list
Warning (10631): VHDL Process Statement warning at SomadorFlutuante.vhd(47): inferring latch(es) for signal or variable "sign1", which holds its previous value in one or more paths through the process
Warning (10631): VHDL Process Statement warning at SomadorFlutuante.vhd(47): inferring latch(es) for signal or variable "exp1", which holds its previous value in one or more paths through the process
Warning (10631): VHDL Process Statement warning at SomadorFlutuante.vhd(47): inferring latch(es) for signal or variable "sign_show", which holds its previous value in one or more paths through the process
Warning (10631): VHDL Process Statement warning at SomadorFlutuante.vhd(47): inferring latch(es) for signal or variable "thex0", which holds its previous value in one or more paths through the process
Warning (10631): VHDL Process Statement warning at SomadorFlutuante.vhd(47): inferring latch(es) for signal or variable "thex1", which holds its previous value in one or more paths through the process
Warning (10631): VHDL Process Statement warning at SomadorFlutuante.vhd(47): inferring latch(es) for signal or variable "thex2", which holds its previous value in one or more paths through the process
Warning (10631): VHDL Process Statement warning at SomadorFlutuante.vhd(47): inferring latch(es) for signal or variable "LEDR", which holds its previous value in one or more paths through the process
Warning (10631): VHDL Process Statement warning at SomadorFlutuante.vhd(47): inferring latch(es) for signal or variable "LEDG", which holds its previous value in one or more paths through the process
Warning (10631): VHDL Process Statement warning at SomadorFlutuante.vhd(47): inferring latch(es) for signal or variable "frac1", which holds its previous value in one or more paths through the process
Warning (10631): VHDL Process Statement warning at SomadorFlutuante.vhd(47): inferring latch(es) for signal or variable "sign2", which holds its previous value in one or more paths through the process
Warning (10631): VHDL Process Statement warning at SomadorFlutuante.vhd(47): inferring latch(es) for signal or variable "exp2", which holds its previous value in one or more paths through the process
Warning (10631): VHDL Process Statement warning at SomadorFlutuante.vhd(47): inferring latch(es) for signal or variable "frac2", which holds its previous value in one or more paths through the process
Warning (10873): Using initial value X (don't care) for net "LEDR[7..5]" at SomadorFlutuante.vhd(10)
Info (10041): Inferred latch for "frac2[0]" at SomadorFlutuante.vhd(47)
Info (10041): Inferred latch for "frac2[1]" at SomadorFlutuante.vhd(47)
Info (10041): Inferred latch for "frac2[2]" at SomadorFlutuante.vhd(47)
Info (10041): Inferred latch for "frac2[3]" at SomadorFlutuante.vhd(47)
Info (10041): Inferred latch for "frac2[4]" at SomadorFlutuante.vhd(47)
Info (10041): Inferred latch for "frac2[5]" at SomadorFlutuante.vhd(47)
Info (10041): Inferred latch for "frac2[6]" at SomadorFlutuante.vhd(47)
Info (10041): Inferred latch for "frac2[7]" at SomadorFlutuante.vhd(47)
Info (10041): Inferred latch for "exp2[0]" at SomadorFlutuante.vhd(47)
Info (10041): Inferred latch for "exp2[1]" at SomadorFlutuante.vhd(47)
Info (10041): Inferred latch for "exp2[2]" at SomadorFlutuante.vhd(47)
Info (10041): Inferred latch for "exp2[3]" at SomadorFlutuante.vhd(47)
Info (10041): Inferred latch for "sign2" at SomadorFlutuante.vhd(47)
Info (10041): Inferred latch for "frac1[0]" at SomadorFlutuante.vhd(47)
Info (10041): Inferred latch for "frac1[1]" at SomadorFlutuante.vhd(47)
Info (10041): Inferred latch for "frac1[2]" at SomadorFlutuante.vhd(47)
Info (10041): Inferred latch for "frac1[3]" at SomadorFlutuante.vhd(47)
Info (10041): Inferred latch for "frac1[4]" at SomadorFlutuante.vhd(47)
Info (10041): Inferred latch for "frac1[5]" at SomadorFlutuante.vhd(47)
Info (10041): Inferred latch for "frac1[6]" at SomadorFlutuante.vhd(47)
Info (10041): Inferred latch for "frac1[7]" at SomadorFlutuante.vhd(47)
Info (10041): Inferred latch for "LEDG[0]" at SomadorFlutuante.vhd(47)
Info (10041): Inferred latch for "LEDG[1]" at SomadorFlutuante.vhd(47)
Info (10041): Inferred latch for "LEDG[2]" at SomadorFlutuante.vhd(47)
Info (10041): Inferred latch for "LEDG[3]" at SomadorFlutuante.vhd(47)
Info (10041): Inferred latch for "LEDG[4]" at SomadorFlutuante.vhd(47)
Info (10041): Inferred latch for "LEDG[5]" at SomadorFlutuante.vhd(47)
Info (10041): Inferred latch for "LEDG[6]" at SomadorFlutuante.vhd(47)
Info (10041): Inferred latch for "LEDG[7]" at SomadorFlutuante.vhd(47)
Info (10041): Inferred latch for "LEDR[0]" at SomadorFlutuante.vhd(47)
Info (10041): Inferred latch for "LEDR[1]" at SomadorFlutuante.vhd(47)
Info (10041): Inferred latch for "LEDR[2]" at SomadorFlutuante.vhd(47)
Info (10041): Inferred latch for "LEDR[3]" at SomadorFlutuante.vhd(47)
Info (10041): Inferred latch for "LEDR[4]" at SomadorFlutuante.vhd(47)
Info (10041): Inferred latch for "thex2[0]" at SomadorFlutuante.vhd(47)
Info (10041): Inferred latch for "thex2[1]" at SomadorFlutuante.vhd(47)
Info (10041): Inferred latch for "thex2[2]" at SomadorFlutuante.vhd(47)
Info (10041): Inferred latch for "thex2[3]" at SomadorFlutuante.vhd(47)
Info (10041): Inferred latch for "thex1[0]" at SomadorFlutuante.vhd(47)
Info (10041): Inferred latch for "thex1[1]" at SomadorFlutuante.vhd(47)
Info (10041): Inferred latch for "thex1[2]" at SomadorFlutuante.vhd(47)
Info (10041): Inferred latch for "thex1[3]" at SomadorFlutuante.vhd(47)
Info (10041): Inferred latch for "thex0[0]" at SomadorFlutuante.vhd(47)
Info (10041): Inferred latch for "thex0[1]" at SomadorFlutuante.vhd(47)
Info (10041): Inferred latch for "thex0[2]" at SomadorFlutuante.vhd(47)
Info (10041): Inferred latch for "thex0[3]" at SomadorFlutuante.vhd(47)
Info (10041): Inferred latch for "sign_show" at SomadorFlutuante.vhd(47)
Info (10041): Inferred latch for "exp1[0]" at SomadorFlutuante.vhd(47)
Info (10041): Inferred latch for "exp1[1]" at SomadorFlutuante.vhd(47)
Info (10041): Inferred latch for "exp1[2]" at SomadorFlutuante.vhd(47)
Info (10041): Inferred latch for "exp1[3]" at SomadorFlutuante.vhd(47)
Info (10041): Inferred latch for "sign1" at SomadorFlutuante.vhd(47)
Info (12128): Elaborating entity "fp_adder" for hierarchy "fp_adder:fp_add_unit"
Info (12128): Elaborating entity "hex_to_sseg" for hierarchy "hex_to_sseg:sseg_unit_0"
Info (278001): Inferred 1 megafunctions from design logic
    Info (278002): Inferred adder/subtractor megafunction ("lpm_add_sub") from the following logic: "fp_adder:fp_add_unit|Add2"
Info (12130): Elaborated megafunction instantiation "fp_adder:fp_add_unit|lpm_add_sub:Add2"
Info (12133): Instantiated megafunction "fp_adder:fp_add_unit|lpm_add_sub:Add2" with the following parameter:
    Info (12134): Parameter "LPM_WIDTH" = "9"
    Info (12134): Parameter "LPM_DIRECTION" = "DEFAULT"
    Info (12134): Parameter "LPM_REPRESENTATION" = "UNSIGNED"
    Info (12134): Parameter "ONE_INPUT_IS_CONSTANT" = "NO"
Info (12021): Found 1 design units, including 1 entities, in source file db/add_sub_rpi.tdf
    Info (12023): Found entity 1: add_sub_rpi
Warning (13012): Latch LEDR[0]$latch has unsafe behavior
    Warning (13013): Ports D and ENA on the latch are fed by the same signal tmp[2]
Warning (13012): Latch LEDR[1]$latch has unsafe behavior
    Warning (13013): Ports D and ENA on the latch are fed by the same signal tmp[2]
Warning (13012): Latch LEDR[2]$latch has unsafe behavior
    Warning (13013): Ports D and ENA on the latch are fed by the same signal tmp[2]
Warning (13012): Latch LEDR[3]$latch has unsafe behavior
    Warning (13013): Ports D and ENA on the latch are fed by the same signal tmp[2]
Warning (13012): Latch LEDR[4]$latch has unsafe behavior
    Warning (13013): Ports D and ENA on the latch are fed by the same signal tmp[2]
Warning (13012): Latch LEDG[0]$latch has unsafe behavior
    Warning (13013): Ports D and ENA on the latch are fed by the same signal tmp[2]
Warning (13012): Latch LEDG[1]$latch has unsafe behavior
    Warning (13013): Ports D and ENA on the latch are fed by the same signal tmp[2]
Warning (13012): Latch LEDG[2]$latch has unsafe behavior
    Warning (13013): Ports D and ENA on the latch are fed by the same signal tmp[2]
Warning (13012): Latch LEDG[3]$latch has unsafe behavior
    Warning (13013): Ports D and ENA on the latch are fed by the same signal tmp[2]
Warning (13012): Latch LEDG[4]$latch has unsafe behavior
    Warning (13013): Ports D and ENA on the latch are fed by the same signal tmp[2]
Warning (13012): Latch LEDG[5]$latch has unsafe behavior
    Warning (13013): Ports D and ENA on the latch are fed by the same signal tmp[2]
Warning (13012): Latch LEDG[6]$latch has unsafe behavior
    Warning (13013): Ports D and ENA on the latch are fed by the same signal tmp[2]
Warning (13012): Latch LEDG[7]$latch has unsafe behavior
    Warning (13013): Ports D and ENA on the latch are fed by the same signal tmp[2]
Warning (13012): Latch sign_show has unsafe behavior
    Warning (13013): Ports D and ENA on the latch are fed by the same signal tmp[2]
Warning (13012): Latch thex2[0] has unsafe behavior
    Warning (13013): Ports D and ENA on the latch are fed by the same signal tmp[2]
Warning (13012): Latch thex2[1] has unsafe behavior
    Warning (13013): Ports D and ENA on the latch are fed by the same signal tmp[2]
Warning (13012): Latch thex2[2] has unsafe behavior
    Warning (13013): Ports D and ENA on the latch are fed by the same signal tmp[2]
Warning (13012): Latch thex2[3] has unsafe behavior
    Warning (13013): Ports D and ENA on the latch are fed by the same signal tmp[2]
Warning (13012): Latch thex1[0] has unsafe behavior
    Warning (13013): Ports D and ENA on the latch are fed by the same signal tmp[2]
Warning (13012): Latch thex1[1] has unsafe behavior
    Warning (13013): Ports D and ENA on the latch are fed by the same signal tmp[2]
Warning (13012): Latch thex1[2] has unsafe behavior
    Warning (13013): Ports D and ENA on the latch are fed by the same signal tmp[2]
Warning (13012): Latch thex1[3] has unsafe behavior
    Warning (13013): Ports D and ENA on the latch are fed by the same signal tmp[2]
Warning (13012): Latch thex0[0] has unsafe behavior
    Warning (13013): Ports D and ENA on the latch are fed by the same signal tmp[1]
Warning (13012): Latch thex0[1] has unsafe behavior
    Warning (13013): Ports D and ENA on the latch are fed by the same signal tmp[1]
Warning (13012): Latch thex0[2] has unsafe behavior
    Warning (13013): Ports D and ENA on the latch are fed by the same signal tmp[1]
Warning (13012): Latch thex0[3] has unsafe behavior
    Warning (13013): Ports D and ENA on the latch are fed by the same signal tmp[1]
Warning (13024): Output pins are stuck at VCC or GND
    Warning (13410): Pin "LEDR[5]" is stuck at GND
    Warning (13410): Pin "LEDR[6]" is stuck at GND
    Warning (13410): Pin "LEDR[7]" is stuck at GND
    Warning (13410): Pin "HEX3[0]" is stuck at VCC
    Warning (13410): Pin "HEX3[1]" is stuck at VCC
    Warning (13410): Pin "HEX3[2]" is stuck at VCC
    Warning (13410): Pin "HEX3[3]" is stuck at VCC
    Warning (13410): Pin "HEX3[4]" is stuck at VCC
    Warning (13410): Pin "HEX3[5]" is stuck at VCC
    Warning (13410): Pin "HEX3[7]" is stuck at VCC
    Warning (13410): Pin "HEX2[7]" is stuck at GND
    Warning (13410): Pin "HEX1[7]" is stuck at VCC
    Warning (13410): Pin "HEX0[7]" is stuck at GND
Info (16010): Generating hard_block partition "hard_block:auto_generated_inst"
    Info (16011): Adding 0 node(s), including 0 DDIO, 0 PLL, 0 transceiver and 0 LCELL
Info (21057): Implemented 322 device resources after synthesis - the final resource count might be different
    Info (21058): Implemented 10 input pins
    Info (21059): Implemented 48 output pins
    Info (21061): Implemented 264 logic cells
Info: Quartus II 64-Bit Analysis & Synthesis was successful. 0 errors, 97 warnings
    Info: Peak virtual memory: 480 megabytes
    Info: Processing ended: Thu Aug 15 18:26:34 2019
    Info: Elapsed time: 00:00:03
    Info: Total CPU time (on all processors): 00:00:03


